[INFO] Scanning for projects...
[INFO]                                                                         
[INFO] ------------------------------------------------------------------------
[INFO] Building datashift 1.0-SNAPSHOT
[INFO] ------------------------------------------------------------------------
[WARNING] Could not transfer metadata org.apache.maven.plugins:maven-source-plugin/maven-metadata.xml from/to nexus (192.168.0.221:8081/nexus/content/groups/public): Cannot access 192.168.0.221:8081/nexus/content/groups/public with type default using the available connector factories: BasicRepositoryConnectorFactory
[WARNING] Could not transfer metadata org.codehaus.mojo:build-helper-maven-plugin/maven-metadata.xml from/to nexus (192.168.0.221:8081/nexus/content/groups/public): Cannot access 192.168.0.221:8081/nexus/content/groups/public with type default using the available connector factories: BasicRepositoryConnectorFactory
[WARNING] The POM for com.chinascope.cloud:core:jar:1.0-SNAPSHOT is invalid, transitive dependencies (if any) will not be available, enable debug logging for more details
[INFO] 
[INFO] --- maven-clean-plugin:2.5:clean (default-clean) @ datashift ---
[INFO] Deleting D:\workspace\project\cloud-parent\datashift\target
[INFO] 
[INFO] --- maven-resources-plugin:2.5:resources (default-resources) @ datashift ---
[debug] execute contextualize
[INFO] Using 'UTF-8' encoding to copy filtered resources.
[INFO] skip non existing resourceDirectory D:\workspace\project\cloud-parent\datashift\src\main\resources\properties
[INFO] Copying 0 resource
[INFO] Copying 8 resources
[INFO] 
[INFO] --- maven-compiler-plugin:2.3.2:compile (default-compile) @ datashift ---
[INFO] Compiling 11 source files to D:\workspace\project\cloud-parent\datashift\target\classes
[INFO] -------------------------------------------------------------
[ERROR] COMPILATION ERROR : 
[INFO] -------------------------------------------------------------
[ERROR] \workspace\project\cloud-parent\datashift\src\main\java\com\csf\cloud\dao\juchao\TbJuchaoTestSDao.java:[3,35] 错误: 程序包com.csf.cloud.aop.annotation不存在
[ERROR] \workspace\project\cloud-parent\datashift\src\main\java\com\csf\cloud\dao\juchao\TbJuchaoTestSDao.java:[4,35] 错误: 程序包com.csf.cloud.aop.annotation不存在
[ERROR] \workspace\project\cloud-parent\datashift\src\main\java\com\csf\cloud\dao\juchao\TbJuchaoTestSDao.java:[5,24] 错误: 找不到符号
[ERROR] \workspace\project\cloud-parent\datashift\src\main\java\com\csf\cloud\dao\juchao\TbJuchaoTestSDao.java:[7,30] 错误: 找不到符号
[ERROR] \workspace\project\cloud-parent\datashift\src\main\java\com\csf\cloud\dao\juchao\TbJuchaoTestSDao.java:[21,38] 错误: 找不到符号
[ERROR] \workspace\project\cloud-parent\datashift\src\main\java\com\csf\cloud\entity\test\Dog.java:[3,27] 错误: 找不到符号
[ERROR] \workspace\project\cloud-parent\datashift\src\main\java\com\csf\cloud\entity\test\Dog.java:[4,39] 错误: 程序包org.apache.commons.lang3.builder不存在
[ERROR] \workspace\project\cloud-parent\datashift\src\main\java\com\csf\cloud\entity\test\Dog.java:[5,39] 错误: 程序包org.apache.commons.lang3.builder不存在
[ERROR] \workspace\project\cloud-parent\datashift\src\main\java\com\csf\cloud\entity\test\Dog.java:[17,25] 错误: 找不到符号
[ERROR] \workspace\project\cloud-parent\datashift\src\main\java\com\csf\cloud\dao\juchao\TbJuchaoTestSDao.java:[55,53] 错误: 找不到符号
[ERROR] \workspace\project\cloud-parent\datashift\src\main\java\com\csf\cloud\entity\test\Finger.java:[3,27] 错误: 找不到符号
[ERROR] \workspace\project\cloud-parent\datashift\src\main\java\com\csf\cloud\entity\test\Finger.java:[4,39] 错误: 程序包org.apache.commons.lang3.builder不存在
[ERROR] \workspace\project\cloud-parent\datashift\src\main\java\com\csf\cloud\entity\test\Finger.java:[5,39] 错误: 程序包org.apache.commons.lang3.builder不存在
[ERROR] \workspace\project\cloud-parent\datashift\src\main\java\com\csf\cloud\entity\test\Finger.java:[12,28] 错误: 找不到符号
[ERROR] \workspace\project\cloud-parent\datashift\src\main\java\com\csf\cloud\service\juchao\TbJuchaoTestSService.java:[3,35] 错误: 程序包com.csf.cloud.aop.annotation不存在
[ERROR] \workspace\project\cloud-parent\datashift\src\main\java\com\csf\cloud\service\juchao\TbJuchaoTestSService.java:[7,28] 错误: 找不到符号
[ERROR] \workspace\project\cloud-parent\datashift\src\main\java\com\csf\cloud\service\juchao\TbJuchaoTestSService.java:[18,42] 错误: 找不到符号
[ERROR] \workspace\project\cloud-parent\datashift\src\main\java\com\csf\cloud\service\juchao\TbJuchaoTestSService.java:[50,53] 错误: 找不到符号
[ERROR] \workspace\project\cloud-parent\datashift\src\main\java\com\csf\cloud\excute\juchao\TbJuchaoTestSLogical.java:[5,27] 错误: 找不到符号
[ERROR] \workspace\project\cloud-parent\datashift\src\main\java\com\csf\cloud\excute\juchao\TbJuchaoTestSLogical.java:[16,42] 错误: 找不到符号
[ERROR] \workspace\project\cloud-parent\datashift\src\main\java\com\csf\cloud\excute\demo\DemoLogical.java:[4,27] 错误: 找不到符号
[ERROR] \workspace\project\cloud-parent\datashift\src\main\java\com\csf\cloud\excute\demo\DemoLogical.java:[15,33] 错误: 找不到符号
[ERROR] \workspace\project\cloud-parent\datashift\src\main\java\com\csf\cloud\service\demo\DemoService.java:[3,35] 错误: 程序包com.csf.cloud.aop.annotation不存在
[ERROR] \workspace\project\cloud-parent\datashift\src\main\java\com\csf\cloud\service\demo\DemoService.java:[4,35] 错误: 程序包com.csf.cloud.aop.annotation不存在
[ERROR] \workspace\project\cloud-parent\datashift\src\main\java\com\csf\cloud\service\demo\DemoService.java:[5,28] 错误: 找不到符号
[ERROR] \workspace\project\cloud-parent\datashift\src\main\java\com\csf\cloud\service\demo\DemoService.java:[14,33] 错误: 找不到符号
[ERROR] \workspace\project\cloud-parent\datashift\src\main\java\com\csf\cloud\dao\demo\DemoDao.java:[3,24] 错误: 找不到符号
[ERROR] \workspace\project\cloud-parent\datashift\src\main\java\com\csf\cloud\dao\demo\DemoDao.java:[8,29] 错误: 找不到符号
[ERROR] \workspace\project\cloud-parent\datashift\src\main\java\com\csf\cloud\dao\juchao\TbJuchaoTestSDao.java:[31,5] 错误: 找不到符号
[ERROR] \workspace\project\cloud-parent\datashift\src\main\java\com\csf\cloud\service\demo\DemoService.java:[17,5] 错误: 找不到符号
[ERROR] \workspace\project\cloud-parent\datashift\src\main\java\com\csf\cloud\dao\juchao\TbJuchaoTestSDao.java:[56,60] 错误: 找不到符号
[ERROR] \workspace\project\cloud-parent\datashift\src\main\java\com\csf\cloud\entity\test\Dog.java:[75,4] 错误: 方法不会覆盖或实现超类型的方法
[ERROR] \workspace\project\cloud-parent\datashift\src\main\java\com\csf\cloud\entity\test\Dog.java:[77,56] 错误: 找不到符号
[ERROR] \workspace\project\cloud-parent\datashift\src\main\java\com\csf\cloud\entity\test\Dog.java:[77,15] 错误: 找不到符号
[ERROR] \workspace\project\cloud-parent\datashift\src\main\java\com\csf\cloud\service\juchao\TbJuchaoTestSService.java:[25,48] 错误: 找不到符号
[ERROR] \workspace\project\cloud-parent\datashift\src\main\java\com\csf\cloud\service\juchao\TbJuchaoTestSService.java:[33,12] 错误: 找不到符号
[ERROR] \workspace\project\cloud-parent\datashift\src\main\java\com\csf\cloud\service\juchao\TbJuchaoTestSService.java:[39,12] 错误: 找不到符号
[ERROR] \workspace\project\cloud-parent\datashift\src\main\java\com\csf\cloud\service\juchao\TbJuchaoTestSService.java:[43,19] 错误: 找不到符号
[ERROR] \workspace\project\cloud-parent\datashift\src\main\java\com\csf\cloud\service\juchao\TbJuchaoTestSService.java:[47,15] 错误: 找不到符号
[ERROR] \workspace\project\cloud-parent\datashift\src\main\java\com\csf\cloud\service\juchao\TbJuchaoTestSService.java:[51,47] 错误: 找不到符号
[ERROR] \workspace\project\cloud-parent\datashift\src\main\java\com\csf\cloud\service\juchao\TbJuchaoTestSService.java:[51,15] 错误: 找不到符号
[ERROR] \workspace\project\cloud-parent\datashift\src\main\java\com\csf\cloud\excute\juchao\TbJuchaoTestSLogical.java:[18,4] 错误: 方法不会覆盖或实现超类型的方法
[ERROR] \workspace\project\cloud-parent\datashift\src\main\java\com\csf\cloud\excute\juchao\TbJuchaoTestSLogical.java:[27,12] 错误: 找不到符号
[ERROR] \workspace\project\cloud-parent\datashift\src\main\java\com\csf\cloud\excute\juchao\TbJuchaoTestSLogical.java:[34,16] 错误: 找不到符号
[ERROR] \workspace\project\cloud-parent\datashift\src\main\java\com\csf\cloud\excute\juchao\TbJuchaoTestSLogical.java:[38,12] 错误: 找不到符号
[ERROR] \workspace\project\cloud-parent\datashift\src\main\java\com\csf\cloud\excute\juchao\TbJuchaoTestSLogical.java:[42,22] 错误: 找不到符号
[ERROR] \workspace\project\cloud-parent\datashift\src\main\java\com\csf\cloud\excute\juchao\TbJuchaoTestSLogical.java:[45,24] 错误: 找不到符号
[ERROR] \workspace\project\cloud-parent\datashift\src\main\java\com\csf\cloud\excute\juchao\TbJuchaoTestSLogical.java:[47,12] 错误: 找不到符号
[ERROR] \workspace\project\cloud-parent\datashift\src\main\java\com\csf\cloud\excute\juchao\TbJuchaoTestSLogical.java:[48,18] 错误: 找不到符号
[ERROR] \workspace\project\cloud-parent\datashift\src\main\java\com\csf\cloud\excute\demo\DemoLogical.java:[21,4] 错误: 方法不会覆盖或实现超类型的方法
[ERROR] \workspace\project\cloud-parent\datashift\src\main\java\com\csf\cloud\excute\demo\DemoLogical.java:[23,22] 错误: 找不到符号
[ERROR] \workspace\project\cloud-parent\datashift\src\main\java\com\csf\cloud\excute\demo\DemoLogical.java:[25,38] 错误: 找不到符号
[INFO] 52 errors 
[INFO] -------------------------------------------------------------
[INFO] ------------------------------------------------------------------------
[INFO] BUILD FAILURE
[INFO] ------------------------------------------------------------------------
[INFO] Total time: 1.297 s
[INFO] Finished at: 2016-06-29T17:52:36+08:00
[INFO] Final Memory: 19M/315M
[INFO] ------------------------------------------------------------------------
[ERROR] Failed to execute goal org.apache.maven.plugins:maven-compiler-plugin:2.3.2:compile (default-compile) on project datashift: Compilation failure: Compilation failure:
[ERROR] \workspace\project\cloud-parent\datashift\src\main\java\com\csf\cloud\dao\juchao\TbJuchaoTestSDao.java:[3,35] 错误: 程序包com.csf.cloud.aop.annotation不存在
[ERROR] \workspace\project\cloud-parent\datashift\src\main\java\com\csf\cloud\dao\juchao\TbJuchaoTestSDao.java:[4,35] 错误: 程序包com.csf.cloud.aop.annotation不存在
[ERROR] \workspace\project\cloud-parent\datashift\src\main\java\com\csf\cloud\dao\juchao\TbJuchaoTestSDao.java:[5,24] 错误: 找不到符号
[ERROR] \workspace\project\cloud-parent\datashift\src\main\java\com\csf\cloud\dao\juchao\TbJuchaoTestSDao.java:[7,30] 错误: 找不到符号
[ERROR] \workspace\project\cloud-parent\datashift\src\main\java\com\csf\cloud\dao\juchao\TbJuchaoTestSDao.java:[21,38] 错误: 找不到符号
[ERROR] \workspace\project\cloud-parent\datashift\src\main\java\com\csf\cloud\entity\test\Dog.java:[3,27] 错误: 找不到符号
[ERROR] \workspace\project\cloud-parent\datashift\src\main\java\com\csf\cloud\entity\test\Dog.java:[4,39] 错误: 程序包org.apache.commons.lang3.builder不存在
[ERROR] \workspace\project\cloud-parent\datashift\src\main\java\com\csf\cloud\entity\test\Dog.java:[5,39] 错误: 程序包org.apache.commons.lang3.builder不存在
[ERROR] \workspace\project\cloud-parent\datashift\src\main\java\com\csf\cloud\entity\test\Dog.java:[17,25] 错误: 找不到符号
[ERROR] \workspace\project\cloud-parent\datashift\src\main\java\com\csf\cloud\dao\juchao\TbJuchaoTestSDao.java:[55,53] 错误: 找不到符号
[ERROR] \workspace\project\cloud-parent\datashift\src\main\java\com\csf\cloud\entity\test\Finger.java:[3,27] 错误: 找不到符号
[ERROR] \workspace\project\cloud-parent\datashift\src\main\java\com\csf\cloud\entity\test\Finger.java:[4,39] 错误: 程序包org.apache.commons.lang3.builder不存在
[ERROR] \workspace\project\cloud-parent\datashift\src\main\java\com\csf\cloud\entity\test\Finger.java:[5,39] 错误: 程序包org.apache.commons.lang3.builder不存在
[ERROR] \workspace\project\cloud-parent\datashift\src\main\java\com\csf\cloud\entity\test\Finger.java:[12,28] 错误: 找不到符号
[ERROR] \workspace\project\cloud-parent\datashift\src\main\java\com\csf\cloud\service\juchao\TbJuchaoTestSService.java:[3,35] 错误: 程序包com.csf.cloud.aop.annotation不存在
[ERROR] \workspace\project\cloud-parent\datashift\src\main\java\com\csf\cloud\service\juchao\TbJuchaoTestSService.java:[7,28] 错误: 找不到符号
[ERROR] \workspace\project\cloud-parent\datashift\src\main\java\com\csf\cloud\service\juchao\TbJuchaoTestSService.java:[18,42] 错误: 找不到符号
[ERROR] \workspace\project\cloud-parent\datashift\src\main\java\com\csf\cloud\service\juchao\TbJuchaoTestSService.java:[50,53] 错误: 找不到符号
[ERROR] \workspace\project\cloud-parent\datashift\src\main\java\com\csf\cloud\excute\juchao\TbJuchaoTestSLogical.java:[5,27] 错误: 找不到符号
[ERROR] \workspace\project\cloud-parent\datashift\src\main\java\com\csf\cloud\excute\juchao\TbJuchaoTestSLogical.java:[16,42] 错误: 找不到符号
[ERROR] \workspace\project\cloud-parent\datashift\src\main\java\com\csf\cloud\excute\demo\DemoLogical.java:[4,27] 错误: 找不到符号
[ERROR] \workspace\project\cloud-parent\datashift\src\main\java\com\csf\cloud\excute\demo\DemoLogical.java:[15,33] 错误: 找不到符号
[ERROR] \workspace\project\cloud-parent\datashift\src\main\java\com\csf\cloud\service\demo\DemoService.java:[3,35] 错误: 程序包com.csf.cloud.aop.annotation不存在
[ERROR] \workspace\project\cloud-parent\datashift\src\main\java\com\csf\cloud\service\demo\DemoService.java:[4,35] 错误: 程序包com.csf.cloud.aop.annotation不存在
[ERROR] \workspace\project\cloud-parent\datashift\src\main\java\com\csf\cloud\service\demo\DemoService.java:[5,28] 错误: 找不到符号
[ERROR] \workspace\project\cloud-parent\datashift\src\main\java\com\csf\cloud\service\demo\DemoService.java:[14,33] 错误: 找不到符号
[ERROR] \workspace\project\cloud-parent\datashift\src\main\java\com\csf\cloud\dao\demo\DemoDao.java:[3,24] 错误: 找不到符号
[ERROR] \workspace\project\cloud-parent\datashift\src\main\java\com\csf\cloud\dao\demo\DemoDao.java:[8,29] 错误: 找不到符号
[ERROR] \workspace\project\cloud-parent\datashift\src\main\java\com\csf\cloud\dao\juchao\TbJuchaoTestSDao.java:[31,5] 错误: 找不到符号
[ERROR] \workspace\project\cloud-parent\datashift\src\main\java\com\csf\cloud\service\demo\DemoService.java:[17,5] 错误: 找不到符号
[ERROR] \workspace\project\cloud-parent\datashift\src\main\java\com\csf\cloud\dao\juchao\TbJuchaoTestSDao.java:[56,60] 错误: 找不到符号
[ERROR] \workspace\project\cloud-parent\datashift\src\main\java\com\csf\cloud\entity\test\Dog.java:[75,4] 错误: 方法不会覆盖或实现超类型的方法
[ERROR] \workspace\project\cloud-parent\datashift\src\main\java\com\csf\cloud\entity\test\Dog.java:[77,56] 错误: 找不到符号
[ERROR] \workspace\project\cloud-parent\datashift\src\main\java\com\csf\cloud\entity\test\Dog.java:[77,15] 错误: 找不到符号
[ERROR] \workspace\project\cloud-parent\datashift\src\main\java\com\csf\cloud\service\juchao\TbJuchaoTestSService.java:[25,48] 错误: 找不到符号
[ERROR] \workspace\project\cloud-parent\datashift\src\main\java\com\csf\cloud\service\juchao\TbJuchaoTestSService.java:[33,12] 错误: 找不到符号
[ERROR] \workspace\project\cloud-parent\datashift\src\main\java\com\csf\cloud\service\juchao\TbJuchaoTestSService.java:[39,12] 错误: 找不到符号
[ERROR] \workspace\project\cloud-parent\datashift\src\main\java\com\csf\cloud\service\juchao\TbJuchaoTestSService.java:[43,19] 错误: 找不到符号
[ERROR] \workspace\project\cloud-parent\datashift\src\main\java\com\csf\cloud\service\juchao\TbJuchaoTestSService.java:[47,15] 错误: 找不到符号
[ERROR] \workspace\project\cloud-parent\datashift\src\main\java\com\csf\cloud\service\juchao\TbJuchaoTestSService.java:[51,47] 错误: 找不到符号
[ERROR] \workspace\project\cloud-parent\datashift\src\main\java\com\csf\cloud\service\juchao\TbJuchaoTestSService.java:[51,15] 错误: 找不到符号
[ERROR] \workspace\project\cloud-parent\datashift\src\main\java\com\csf\cloud\excute\juchao\TbJuchaoTestSLogical.java:[18,4] 错误: 方法不会覆盖或实现超类型的方法
[ERROR] \workspace\project\cloud-parent\datashift\src\main\java\com\csf\cloud\excute\juchao\TbJuchaoTestSLogical.java:[27,12] 错误: 找不到符号
[ERROR] \workspace\project\cloud-parent\datashift\src\main\java\com\csf\cloud\excute\juchao\TbJuchaoTestSLogical.java:[34,16] 错误: 找不到符号
[ERROR] \workspace\project\cloud-parent\datashift\src\main\java\com\csf\cloud\excute\juchao\TbJuchaoTestSLogical.java:[38,12] 错误: 找不到符号
[ERROR] \workspace\project\cloud-parent\datashift\src\main\java\com\csf\cloud\excute\juchao\TbJuchaoTestSLogical.java:[42,22] 错误: 找不到符号
[ERROR] \workspace\project\cloud-parent\datashift\src\main\java\com\csf\cloud\excute\juchao\TbJuchaoTestSLogical.java:[45,24] 错误: 找不到符号
[ERROR] \workspace\project\cloud-parent\datashift\src\main\java\com\csf\cloud\excute\juchao\TbJuchaoTestSLogical.java:[47,12] 错误: 找不到符号
[ERROR] \workspace\project\cloud-parent\datashift\src\main\java\com\csf\cloud\excute\juchao\TbJuchaoTestSLogical.java:[48,18] 错误: 找不到符号
[ERROR] \workspace\project\cloud-parent\datashift\src\main\java\com\csf\cloud\excute\demo\DemoLogical.java:[21,4] 错误: 方法不会覆盖或实现超类型的方法
[ERROR] \workspace\project\cloud-parent\datashift\src\main\java\com\csf\cloud\excute\demo\DemoLogical.java:[23,22] 错误: 找不到符号
[ERROR] \workspace\project\cloud-parent\datashift\src\main\java\com\csf\cloud\excute\demo\DemoLogical.java:[25,38] 错误: 找不到符号
[ERROR] -> [Help 1]
[ERROR] 
[ERROR] To see the full stack trace of the errors, re-run Maven with the -e switch.
[ERROR] Re-run Maven using the -X switch to enable full debug logging.
[ERROR] 
[ERROR] For more information about the errors and possible solutions, please read the following articles:
[ERROR] [Help 1] http://cwiki.apache.org/confluence/display/MAVEN/MojoFailureException
